#
# There is insufficient memory for the Java Runtime Environment to continue.
# Native memory allocation (malloc) failed to allocate 1727536 bytes for Chunk::new
# Possible reasons:
#   The system is out of physical RAM or swap space
#   The process is running with CompressedOops enabled, and the Java Heap may be blocking the growth of the native heap
# Possible solutions:
#   Reduce memory load on the system
#   Increase physical memory or swap space
#   Check if swap backing store is full
#   Decrease Java heap size (-Xmx/-Xms)
#   Decrease number of Java threads
#   Decrease Java thread stack sizes (-Xss)
#   Set larger code cache with -XX:ReservedCodeCacheSize=
#   JVM is running with Unscaled Compressed Oops mode in which the Java heap is
#     placed in the first 4GB address space. The Java Heap base address is the
#     maximum limit for the native heap growth. Please use -XX:HeapBaseMinAddress
#     to set the Java Heap base and to place the Java Heap above 4GB virtual address.
# This output file may be truncated or incomplete.
#
#  Out of Memory Error (allocation.cpp:389), pid=7832, tid=0x0000000000001a58
#
# JRE version: OpenJDK Runtime Environment (8.0_202-b03) (build 1.8.0_202-release-1483-b03)
# Java VM: OpenJDK 64-Bit Server VM (25.202-b03 mixed mode windows-amd64 compressed oops)
# Failed to write core dump. Minidumps are not enabled by default on client versions of Windows
#

---------------  T H R E A D  ---------------

Current thread (0x0000000017833000):  JavaThread "C2 CompilerThread1" daemon [_thread_in_native, id=6744, stack(0x0000000018080000,0x0000000018180000)]

Stack: [0x0000000018080000,0x0000000018180000]
[error occurred during error reporting (printing stack bounds), id 0xc0000005]

Native frames: (J=compiled Java code, j=interpreted, Vv=VM code, C=native code)


Current CompileTask:
C2:   7746 5429       4       sun.reflect.generics.parser.SignatureParser::parsePackageNameAndSimpleClassTypeSignature (139 bytes)


---------------  P R O C E S S  ---------------

Java Threads: ( => current thread )
  0x000000001da34000 JavaThread "Cache worker for file content cache (D:\workspace3\ViewPagerTest\.gradle\5.4.1\fileContent)" [_thread_blocked, id=7528, stack(0x0000000021710000,0x0000000021810000)]
  0x0000000018f6e000 JavaThread "Cache worker for file content cache (C:\Users\Blue\.gradle\caches\5.4.1\fileContent)" [_thread_blocked, id=8124, stack(0x0000000023220000,0x0000000023320000)]
  0x0000000018f6d000 JavaThread "Memory manager" [_thread_blocked, id=8112, stack(0x000000001b040000,0x000000001b140000)]
  0x0000000018f6b800 JavaThread "Cache worker for Build Output Cleanup Cache (D:\workspace3\ViewPagerTest\.gradle\buildOutputCleanup)" [_thread_blocked, id=7364, stack(0x0000000022610000,0x0000000022710000)]
  0x0000000018f6a000 JavaThread "Build operations Thread 4" [_thread_blocked, id=1452, stack(0x0000000021db0000,0x0000000021eb0000)]
  0x0000000018f69800 JavaThread "Build operations Thread 3" [_thread_blocked, id=4904, stack(0x0000000021cb0000,0x0000000021db0000)]
  0x0000000018f68800 JavaThread "Build operations Thread 2" [_thread_blocked, id=8144, stack(0x0000000021910000,0x0000000021a10000)]
  0x0000000018f68000 JavaThread "Build operations" [_thread_blocked, id=2280, stack(0x0000000021b60000,0x0000000021c60000)]
  0x0000000018f67000 JavaThread "Cache worker for execution history cache (C:\Users\Blue\.gradle\caches\5.4.1\executionHistory)" [_thread_blocked, id=6664, stack(0x0000000021a60000,0x0000000021b60000)]
  0x0000000018f66800 JavaThread "Cache worker for cache directory md-rule (C:\Users\Blue\.gradle\caches\5.4.1\md-rule)" [_thread_blocked, id=3020, stack(0x0000000021810000,0x0000000021910000)]
  0x0000000018f65800 JavaThread "Cache worker for cache directory md-supplier (C:\Users\Blue\.gradle\caches\5.4.1\md-supplier)" [_thread_blocked, id=1616, stack(0x0000000020640000,0x0000000020740000)]
  0x0000000018f61000 JavaThread "Cache worker for file hash cache (D:\workspace3\ViewPagerTest\.gradle\5.4.1\fileHashes)" [_thread_blocked, id=4548, stack(0x000000001ed00000,0x000000001ee00000)]
  0x0000000018f60800 JavaThread "Cache worker for journal cache (C:\Users\Blue\.gradle\caches\journal-1)" [_thread_blocked, id=1380, stack(0x000000001b5b0000,0x000000001b6b0000)]
  0x0000000018f5f800 JavaThread "File lock request listener" [_thread_in_native, id=7032, stack(0x000000001b480000,0x000000001b580000)]
  0x0000000018f5f000 JavaThread "Cache worker for file hash cache (C:\Users\Blue\.gradle\caches\5.4.1\fileHashes)" [_thread_blocked, id=5512, stack(0x000000001adb0000,0x000000001aeb0000)]
  0x0000000019915000 JavaThread "Thread-9" [_thread_blocked, id=4872, stack(0x000000001b160000,0x000000001b260000)]
  0x000000001990c000 JavaThread "Stdin handler" [_thread_blocked, id=584, stack(0x000000001af10000,0x000000001b010000)]
  0x0000000019904800 JavaThread "Asynchronous log dispatcher for DefaultDaemonConnection: socket connection from /127.0.0.1:7055 to /127.0.0.1:7056" [_thread_blocked, id=8184, stack(0x000000001ac90000,0x000000001ad90000)]
  0x00000000198c7800 JavaThread "Daemon worker" [_thread_in_vm, id=7596, stack(0x000000001aaf0000,0x000000001abf0000)]
  0x00000000198db000 JavaThread "Cancel handler" [_thread_blocked, id=4088, stack(0x000000001a360000,0x000000001a460000)]
  0x00000000198bd800 JavaThread "Handler for socket connection from /127.0.0.1:7055 to /127.0.0.1:7056" [_thread_in_native, id=324, stack(0x000000001a760000,0x000000001a860000)]
  0x00000000198bd000 JavaThread "Daemon" [_thread_blocked, id=7028, stack(0x000000001a610000,0x000000001a710000)]
  0x00000000187b4000 JavaThread "Daemon periodic checks" [_thread_blocked, id=6720, stack(0x000000001a470000,0x000000001a570000)]
  0x00000000187b8800 JavaThread "Incoming local TCP Connector on port 7055" [_thread_in_native, id=3700, stack(0x000000001a200000,0x000000001a300000)]
  0x000000001981c800 JavaThread "Daemon health stats" [_thread_blocked, id=3792, stack(0x0000000019e40000,0x0000000019f40000)]
  0x00000000178a2000 JavaThread "Service Thread" daemon [_thread_blocked, id=7476, stack(0x00000000182f0000,0x00000000183f0000)]
  0x0000000017835000 JavaThread "C1 CompilerThread2" daemon [_thread_blocked, id=5704, stack(0x0000000017ec0000,0x0000000017fc0000)]
=>0x0000000017833000 JavaThread "C2 CompilerThread1" daemon [_thread_in_native, id=6744, stack(0x0000000018080000,0x0000000018180000)]
  0x000000001782d000 JavaThread "C2 CompilerThread0" daemon [_thread_in_native, id=6676, stack(0x0000000017db0000,0x0000000017eb0000)]
  0x0000000017819000 JavaThread "Attach Listener" daemon [_thread_blocked, id=8092, stack(0x0000000017ca0000,0x0000000017da0000)]
  0x0000000017818800 JavaThread "Signal Dispatcher" daemon [_thread_blocked, id=5560, stack(0x00000000173b0000,0x00000000174b0000)]
  0x0000000016408800 JavaThread "Finalizer" daemon [_thread_blocked, id=3240, stack(0x0000000017710000,0x0000000017810000)]
  0x0000000016401800 JavaThread "Reference Handler" daemon [_thread_blocked, id=6748, stack(0x00000000175d0000,0x00000000176d0000)]
  0x00000000002be800 JavaThread "main" [_thread_blocked, id=1792, stack(0x0000000002850000,0x0000000002950000)]

Other Threads:
  0x00000000163ba000 VMThread [stack: 0x00000000174b0000,0x00000000175b0000] [id=6328]
  0x00000000178bc000 WatcherThread [stack: 0x0000000018430000,0x0000000018530000] [id=3836]

VM state:not at safepoint (normal execution)

VM Mutex/Monitor currently owned by a thread:  ([mutex/lock_event])
[0x00000000002bc1d0] CodeCache_lock - owner thread: 0x0000000000000000

heap address: 0x00000000a0000000, size: 1536 MB, Compressed Oops mode: 32-bit
Narrow klass base: 0x0000000000000000, Narrow klass shift: 3
Compressed class space size: 1073741824 Address: 0x000000013fe50000

Heap:
 PSYoungGen      total 197120K, used 14053K [0x00000000e0000000, 0x00000000edc80000, 0x0000000100000000)
  eden space 180224K, 7% used [0x00000000e0000000,0x00000000e0db95b8,0x00000000eb000000)
  from space 16896K, 0% used [0x00000000ec400000,0x00000000ec400000,0x00000000ed480000)
  to   space 20480K, 0% used [0x00000000eb000000,0x00000000eb000000,0x00000000ec400000)
 ParOldGen       total 66560K, used 35865K [0x00000000a0000000, 0x00000000a4100000, 0x00000000e0000000)
  object space 66560K, 53% used [0x00000000a0000000,0x00000000a23065d0,0x00000000a4100000)
 Metaspace       used 58036K, capacity 59764K, committed 59800K, reserved 1103872K
  class space    used 7901K, capacity 8340K, committed 8360K, reserved 1048576K

Card table byte_map: [0x0000000011d10000,0x0000000012020000] byte_map_base: 0x0000000011810000

Marking Bits: (ParMarkBitMap*) 0x00000000648a9f30
 Begin Bits: [0x0000000012730000, 0x0000000013f30000)
 End Bits:   [0x0000000013f30000, 0x0000000015730000)

Polling page: 0x0000000000250000

CodeCache: size=245760Kb used=17486Kb max_used=17486Kb free=228273Kb
 bounds [0x0000000002950000, 0x0000000003a70000, 0x0000000011950000]
 total_blobs=6067 nmethods=5278 adapters=699
 compilation: disabled (not enough contiguous free space left)

Compilation events (10 events):
Event: 7.723 Thread 0x0000000017835000 5664       3       java.nio.Buffer::checkBounds (25 bytes)
Event: 7.723 Thread 0x0000000017835000 nmethod 5664 0x0000000003a6e2d0 code [0x0000000003a6e440, 0x0000000003a6e668]
Event: 7.723 Thread 0x0000000017835000 5665       3       com.android.build.gradle.internal.scope.VariantScopeImpl$$Lambda$189/1499195268::isSatisfiedBy (8 bytes)
Event: 7.723 Thread 0x0000000017835000 nmethod 5665 0x0000000003a6e750 code [0x0000000003a6e8c0, 0x0000000003a6ec90]
Event: 7.727 Thread 0x0000000017835000 5666       3       org.gradle.internal.reflect.PropertyExtractor::validateProperty (48 bytes)
Event: 7.728 Thread 0x0000000017835000 nmethod 5666 0x0000000003a6ed50 code [0x0000000003a6ef20, 0x0000000003a6f7f8]
Event: 7.728 Thread 0x0000000017835000 5667       1       org.gradle.api.internal.tasks.properties.annotations.InputPropertyAnnotationHandler::isPropertyRelevant (2 bytes)
Event: 7.728 Thread 0x0000000017835000 nmethod 5667 0x0000000003a6fbd0 code [0x0000000003a6fd20, 0x0000000003a6fe30]
Event: 7.732 Thread 0x0000000017835000 5668       3       org.gradle.launcher.daemon.protocol.Message::<init> (5 bytes)
Event: 7.732 Thread 0x0000000017835000 


GC Heap History (10 events):
Event: 4.750 GC heap before
{Heap before GC invocations=9 (full 1):
 PSYoungGen      total 132608K, used 37905K [0x00000000e0000000, 0x00000000ea800000, 0x0000000100000000)
  eden space 120832K, 22% used [0x00000000e0000000,0x00000000e1a818e0,0x00000000e7600000)
  from space 11776K, 91% used [0x00000000e7600000,0x00000000e8082c30,0x00000000e8180000)
  to   space 12800K, 0% used [0x00000000e9b80000,0x00000000e9b80000,0x00000000ea800000)
 ParOldGen       total 66560K, used 11169K [0x00000000a0000000, 0x00000000a4100000, 0x00000000e0000000)
  object space 66560K, 16% used [0x00000000a0000000,0x00000000a0ae8680,0x00000000a4100000)
 Metaspace       used 34680K, capacity 35442K, committed 35496K, reserved 1079296K
  class space    used 4782K, capacity 4998K, committed 5032K, reserved 1048576K
Event: 4.763 GC heap after
Heap after GC invocations=9 (full 1):
 PSYoungGen      total 158720K, used 9814K [0x00000000e0000000, 0x00000000ed780000, 0x0000000100000000)
  eden space 145920K, 0% used [0x00000000e0000000,0x00000000e0000000,0x00000000e8e80000)
  from space 12800K, 76% used [0x00000000e9b80000,0x00000000ea515880,0x00000000ea800000)
  to   space 13312K, 0% used [0x00000000e8e80000,0x00000000e8e80000,0x00000000e9b80000)
 ParOldGen       total 66560K, used 11177K [0x00000000a0000000, 0x00000000a4100000, 0x00000000e0000000)
  object space 66560K, 16% used [0x00000000a0000000,0x00000000a0aea680,0x00000000a4100000)
 Metaspace       used 34680K, capacity 35442K, committed 35496K, reserved 1079296K
  class space    used 4782K, capacity 4998K, committed 5032K, reserved 1048576K
}
Event: 4.763 GC heap before
{Heap before GC invocations=10 (full 2):
 PSYoungGen      total 158720K, used 9814K [0x00000000e0000000, 0x00000000ed780000, 0x0000000100000000)
  eden space 145920K, 0% used [0x00000000e0000000,0x00000000e0000000,0x00000000e8e80000)
  from space 12800K, 76% used [0x00000000e9b80000,0x00000000ea515880,0x00000000ea800000)
  to   space 13312K, 0% used [0x00000000e8e80000,0x00000000e8e80000,0x00000000e9b80000)
 ParOldGen       total 66560K, used 11177K [0x00000000a0000000, 0x00000000a4100000, 0x00000000e0000000)
  object space 66560K, 16% used [0x00000000a0000000,0x00000000a0aea680,0x00000000a4100000)
 Metaspace       used 34680K, capacity 35442K, committed 35496K, reserved 1079296K
  class space    used 4782K, capacity 4998K, committed 5032K, reserved 1048576K
Event: 4.832 GC heap after
Heap after GC invocations=10 (full 2):
 PSYoungGen      total 158720K, used 0K [0x00000000e0000000, 0x00000000ed780000, 0x0000000100000000)
  eden space 145920K, 0% used [0x00000000e0000000,0x00000000e0000000,0x00000000e8e80000)
  from space 12800K, 0% used [0x00000000e9b80000,0x00000000e9b80000,0x00000000ea800000)
  to   space 13312K, 0% used [0x00000000e8e80000,0x00000000e8e80000,0x00000000e9b80000)
 ParOldGen       total 66560K, used 17126K [0x00000000a0000000, 0x00000000a4100000, 0x00000000e0000000)
  object space 66560K, 25% used [0x00000000a0000000,0x00000000a10b9950,0x00000000a4100000)
 Metaspace       used 34673K, capacity 35418K, committed 35496K, reserved 1079296K
  class space    used 4780K, capacity 4994K, committed 5032K, reserved 1048576K
}
Event: 6.396 GC heap before
{Heap before GC invocations=11 (full 2):
 PSYoungGen      total 158720K, used 145920K [0x00000000e0000000, 0x00000000ed780000, 0x0000000100000000)
  eden space 145920K, 100% used [0x00000000e0000000,0x00000000e8e80000,0x00000000e8e80000)
  from space 12800K, 0% used [0x00000000e9b80000,0x00000000e9b80000,0x00000000ea800000)
  to   space 13312K, 0% used [0x00000000e8e80000,0x00000000e8e80000,0x00000000e9b80000)
 ParOldGen       total 66560K, used 17126K [0x00000000a0000000, 0x00000000a4100000, 0x00000000e0000000)
  object space 66560K, 25% used [0x00000000a0000000,0x00000000a10b9950,0x00000000a4100000)
 Metaspace       used 48868K, capacity 50200K, committed 50472K, reserved 1093632K
  class space    used 6610K, capacity 6925K, committed 6952K, reserved 1048576K
Event: 6.414 GC heap after
Heap after GC invocations=11 (full 2):
 PSYoungGen      total 159232K, used 13281K [0x00000000e0000000, 0x00000000ed480000, 0x0000000100000000)
  eden space 145920K, 0% used [0x00000000e0000000,0x00000000e0000000,0x00000000e8e80000)
  from space 13312K, 99% used [0x00000000e8e80000,0x00000000e9b78680,0x00000000e9b80000)
  to   space 16896K, 0% used [0x00000000ec400000,0x00000000ec400000,0x00000000ed480000)
 ParOldGen       total 66560K, used 22411K [0x00000000a0000000, 0x00000000a4100000, 0x00000000e0000000)
  object space 66560K, 33% used [0x00000000a0000000,0x00000000a15e2c68,0x00000000a4100000)
 Metaspace       used 48868K, capacity 50200K, committed 50472K, reserved 1093632K
  class space    used 6610K, capacity 6925K, committed 6952K, reserved 1048576K
}
Event: 7.453 GC heap before
{Heap before GC invocations=12 (full 2):
 PSYoungGen      total 159232K, used 123372K [0x00000000e0000000, 0x00000000ed480000, 0x0000000100000000)
  eden space 145920K, 75% used [0x00000000e0000000,0x00000000e6b82ae0,0x00000000e8e80000)
  from space 13312K, 99% used [0x00000000e8e80000,0x00000000e9b78680,0x00000000e9b80000)
  to   space 16896K, 0% used [0x00000000ec400000,0x00000000ec400000,0x00000000ed480000)
 ParOldGen       total 66560K, used 22411K [0x00000000a0000000, 0x00000000a4100000, 0x00000000e0000000)
  object space 66560K, 33% used [0x00000000a0000000,0x00000000a15e2c68,0x00000000a4100000)
 Metaspace       used 57418K, capacity 59079K, committed 59160K, reserved 1099776K
  class space    used 7798K, capacity 8232K, committed 8232K, reserved 1048576K
Event: 7.474 GC heap after
Heap after GC invocations=12 (full 2):
 PSYoungGen      total 197120K, used 16888K [0x00000000e0000000, 0x00000000edc80000, 0x0000000100000000)
  eden space 180224K, 0% used [0x00000000e0000000,0x00000000e0000000,0x00000000eb000000)
  from space 16896K, 99% used [0x00000000ec400000,0x00000000ed47e240,0x00000000ed480000)
  to   space 20480K, 0% used [0x00000000eb000000,0x00000000eb000000,0x00000000ec400000)
 ParOldGen       total 66560K, used 25867K [0x00000000a0000000, 0x00000000a4100000, 0x00000000e0000000)
  object space 66560K, 38% used [0x00000000a0000000,0x00000000a1942ec8,0x00000000a4100000)
 Metaspace       used 57418K, capacity 59079K, committed 59160K, reserved 1099776K
  class space    used 7798K, capacity 8232K, committed 8232K, reserved 1048576K
}
Event: 7.474 GC heap before
{Heap before GC invocations=13 (full 3):
 PSYoungGen      total 197120K, used 16888K [0x00000000e0000000, 0x00000000edc80000, 0x0000000100000000)
  eden space 180224K, 0% used [0x00000000e0000000,0x00000000e0000000,0x00000000eb000000)
  from space 16896K, 99% used [0x00000000ec400000,0x00000000ed47e240,0x00000000ed480000)
  to   space 20480K, 0% used [0x00000000eb000000,0x00000000eb000000,0x00000000ec400000)
 ParOldGen       total 66560K, used 25867K [0x00000000a0000000, 0x00000000a4100000, 0x00000000e0000000)
  object space 66560K, 38% used [0x00000000a0000000,0x00000000a1942ec8,0x00000000a4100000)
 Metaspace       used 57418K, capacity 59079K, committed 59160K, reserved 1099776K
  class space    used 7798K, capacity 8232K, committed 8232K, reserved 1048576K
Event: 7.637 GC heap after
Heap after GC invocations=13 (full 3):
 PSYoungGen      total 197120K, used 0K [0x00000000e0000000, 0x00000000edc80000, 0x0000000100000000)
  eden space 180224K, 0% used [0x00000000e0000000,0x00000000e0000000,0x00000000eb000000)
  from space 16896K, 0% used [0x00000000ec400000,0x00000000ec400000,0x00000000ed480000)
  to   space 20480K, 0% used [0x00000000eb000000,0x00000000eb000000,0x00000000ec400000)
 ParOldGen       total 66560K, used 35865K [0x00000000a0000000, 0x00000000a4100000, 0x00000000e0000000)
  object space 66560K, 53% used [0x00000000a0000000,0x00000000a23065d0,0x00000000a4100000)
 Metaspace       used 57418K, capacity 59079K, committed 59160K, reserved 1099776K
  class space    used 7798K, capacity 8232K, committed 8232K, reserved 1048576K
}

Deoptimization events (10 events):
Event: 6.481 Thread 0x00000000198c7800 Uncommon trap: reason=unstable_if action=reinterpret pc=0x0000000002b0d408 method=kotlin.reflect.jvm.internal.impl.protobuf.CodedInputStream.readRawVarint32()I @ 10
Event: 6.763 Thread 0x00000000198c7800 Uncommon trap: reason=unstable_if action=reinterpret pc=0x0000000003384658 method=java.io.WinNTFileSystem.normalize(Ljava/lang/String;)Ljava/lang/String; @ 74
Event: 6.945 Thread 0x00000000198c7800 Uncommon trap: reason=bimorphic action=maybe_recompile pc=0x0000000003782000 method=java.util.regex.Pattern$5.isSatisfiedBy(I)Z @ 16
Event: 6.945 Thread 0x00000000198c7800 Uncommon trap: reason=bimorphic action=maybe_recompile pc=0x0000000003782000 method=java.util.regex.Pattern$5.isSatisfiedBy(I)Z @ 16
Event: 6.945 Thread 0x00000000198c7800 Uncommon trap: reason=bimorphic action=maybe_recompile pc=0x0000000003782000 method=java.util.regex.Pattern$5.isSatisfiedBy(I)Z @ 16
Event: 6.945 Thread 0x00000000198c7800 Uncommon trap: reason=bimorphic action=maybe_recompile pc=0x0000000003782000 method=java.util.regex.Pattern$5.isSatisfiedBy(I)Z @ 16
Event: 7.159 Thread 0x00000000198c7800 Uncommon trap: reason=unstable_if action=reinterpret pc=0x0000000002f3170c method=java.io.DataInputStream.readUTF(Ljava/io/DataInput;)Ljava/lang/String; @ 31
Event: 7.203 Thread 0x00000000198c7800 Uncommon trap: reason=unstable_if action=reinterpret pc=0x0000000002ef6668 method=java.util.regex.Pattern$BmpCharProperty.match(Ljava/util/regex/Matcher;ILjava/lang/CharSequence;)Z @ 34
Event: 7.208 Thread 0x00000000198c7800 Uncommon trap: reason=unstable_if action=reinterpret pc=0x0000000003800e70 method=com.sun.org.apache.xerces.internal.impl.XMLEntityScanner.scanLiteral(ILcom/sun/org/apache/xerces/internal/xni/XMLString;Z)I @ 660
Event: 7.332 Thread 0x00000000198c7800 Uncommon trap: reason=unstable_if action=reinterpret pc=0x000000000394731c method=com.esotericsoftware.kryo.io.Input.readString()Ljava/lang/String; @ 38

Classes redefined (0 events):
No events

Internal exceptions (10 events):
Event: 6.738 Thread 0x00000000198c7800 Exception <a 'java/lang/ClassNotFoundException': com/android/build/gradle/internal/api/BaseVariantOutputImplCustomizer> (0x00000000e2512ae8) thrown at [D:\src\AOSP-openjdk-cygwin\jdk8u\hotspot\src\share\vm\classfile\systemDictionary.cpp, line 210]
Event: 6.739 Thread 0x00000000198c7800 Exception <a 'java/lang/ClassNotFoundException': com/android/build/gradle/internal/api/ApkVariantOutputImplCustomizer> (0x00000000e2548538) thrown at [D:\src\AOSP-openjdk-cygwin\jdk8u\hotspot\src\share\vm\classfile\systemDictionary.cpp, line 210]
Event: 6.739 Thread 0x00000000198c7800 Exception <a 'java/lang/ClassNotFoundException': com/android/build/gradle/internal/api/ApkVariantOutputImpl_DecoratedCustomizer> (0x00000000e25790e0) thrown at [D:\src\AOSP-openjdk-cygwin\jdk8u\hotspot\src\share\vm\classfile\systemDictionary.cpp, line 210
Event: 6.856 Thread 0x00000000198c7800 Exception <a 'java/lang/NoSuchMethodError': java.lang.Object.lambda$static$0(Ljava/util/Set;Ljava/util/Set;)Z> (0x00000000e331e060) thrown at [D:\src\AOSP-openjdk-cygwin\jdk8u\hotspot\src\share\vm\interpreter\linkResolver.cpp, line 620]
Event: 6.856 Thread 0x00000000198c7800 Exception <a 'java/lang/NoSuchMethodError': java.lang.Object.lambda$static$1(Ljava/util/Set;Ljava/util/Set;)Z> (0x00000000e3320fd0) thrown at [D:\src\AOSP-openjdk-cygwin\jdk8u\hotspot\src\share\vm\interpreter\linkResolver.cpp, line 620]
Event: 6.856 Thread 0x00000000198c7800 Exception <a 'java/lang/NoSuchMethodError': java.lang.Object.lambda$static$2(Ljava/util/Set;Ljava/util/Set;)Z> (0x00000000e3323b10) thrown at [D:\src\AOSP-openjdk-cygwin\jdk8u\hotspot\src\share\vm\interpreter\linkResolver.cpp, line 620]
Event: 6.857 Thread 0x00000000198c7800 Exception <a 'java/lang/NoSuchMethodError': java.lang.Object.lambda$static$3(Ljava/util/Set;Ljava/util/Set;)Z> (0x00000000e3326650) thrown at [D:\src\AOSP-openjdk-cygwin\jdk8u\hotspot\src\share\vm\interpreter\linkResolver.cpp, line 620]
Event: 6.857 Thread 0x00000000198c7800 Exception <a 'java/lang/NoSuchMethodError': java.lang.Object.lambda$static$4(Ljava/util/Set;Ljava/util/Set;)Z> (0x00000000e3329190) thrown at [D:\src\AOSP-openjdk-cygwin\jdk8u\hotspot\src\share\vm\interpreter\linkResolver.cpp, line 620]
Event: 6.964 Thread 0x00000000198c7800 Exception <a 'java/lang/ClassNotFoundException': com/sun/org/glassfish/hk2/osgiresourcelocator/ServiceLoader> (0x00000000e3b77b38) thrown at [D:\src\AOSP-openjdk-cygwin\jdk8u\hotspot\src\share\vm\classfile\systemDictionary.cpp, line 210]
Event: 7.000 Thread 0x00000000198c7800 Exception <a 'java/lang/NullPointerException'> (0x00000000e4044528) thrown at [D:\src\AOSP-openjdk-cygwin\jdk8u\hotspot\src\share\vm\interpreter\linkResolver.cpp, line 1287]

Events (10 events):
Event: 7.740 loading class com/google/common/collect/Sets$ImprovedAbstractSet
Event: 7.740 loading class com/google/common/collect/Sets$ImprovedAbstractSet done
Event: 7.741 loading class com/google/common/collect/AbstractMapBasedMultimap$KeySet$1
Event: 7.741 loading class com/google/common/collect/AbstractMapBasedMultimap$KeySet$1 done
Event: 7.743 loading class com/android/build/gradle/tasks/MergeSourceSetFolders$MergeShaderSourceFoldersCreationAction$configure$assetDirFunction$1
Event: 7.743 loading class com/android/build/gradle/tasks/MergeSourceSetFolders$MergeShaderSourceFoldersCreationAction$configure$assetDirFunction$1 done
Event: 7.743 loading class com/android/build/gradle/tasks/MergeSourceSetFolders$MergeShaderSourceFoldersCreationAction$configure$1
Event: 7.743 loading class com/android/build/gradle/tasks/MergeSourceSetFolders$MergeShaderSourceFoldersCreationAction$configure$1 done
Event: 7.744 loading class com/android/build/gradle/tasks/MergeSourceSetFolders$MergeShaderSourceFoldersCreationAction$configure$2
Event: 7.744 loading class com/android/build/gradle/tasks/MergeSourceSetFolders$MergeShaderSourceFoldersCreationAction$configure$2 done


Dynamic libraries:
0x000000013fe10000 - 0x000000013fe41000 	C:\Program Files\Android\Android Studio\jre\bin\java.exe
0x00000000771b0000 - 0x000000007735a000 	C:\Windows\SYSTEM32\ntdll.dll
0x000007fedf240000 - 0x000007fedf254000 	C:\Program Files\AVAST Software\Avast\aswhook.dll
0x0000000076f90000 - 0x00000000770af000 	C:\Windows\system32\kernel32.dll
0x000007fefd270000 - 0x000007fefd2db000 	C:\Windows\system32\KERNELBASE.dll
0x000007fefe320000 - 0x000007fefe3fb000 	C:\Windows\system32\ADVAPI32.dll
0x000007fefdb60000 - 0x000007fefdbff000 	C:\Windows\system32\msvcrt.dll
0x000007fefd810000 - 0x000007fefd82f000 	C:\Windows\SYSTEM32\sechost.dll
0x000007fefdcc0000 - 0x000007fefdded000 	C:\Windows\system32\RPCRT4.dll
0x00000000770b0000 - 0x00000000771aa000 	C:\Windows\system32\USER32.dll
0x000007fefdc00000 - 0x000007fefdc67000 	C:\Windows\system32\GDI32.dll
0x000007feff4b0000 - 0x000007feff4be000 	C:\Windows\system32\LPK.dll
0x000007fefd830000 - 0x000007fefd8fa000 	C:\Windows\system32\USP10.dll
0x000007fefbaf0000 - 0x000007fefbce4000 	C:\Windows\WinSxS\amd64_microsoft.windows.common-controls_6595b64144ccf1df_6.0.7601.18837_none_fa3b1e3d17594757\COMCTL32.dll
0x000007fefd400000 - 0x000007fefd471000 	C:\Windows\system32\SHLWAPI.dll
0x000007fefddf0000 - 0x000007fefde1e000 	C:\Windows\system32\IMM32.DLL
0x000007fefd700000 - 0x000007fefd809000 	C:\Windows\system32\MSCTF.dll
0x0000000064fd0000 - 0x00000000650a2000 	C:\Program Files\Android\Android Studio\jre\jre\bin\msvcr100.dll
0x00000000640e0000 - 0x0000000064926000 	C:\Program Files\Android\Android Studio\jre\jre\bin\server\jvm.dll
0x000007fef9f30000 - 0x000007fef9f39000 	C:\Windows\system32\WSOCK32.dll
0x000007fefdc70000 - 0x000007fefdcbd000 	C:\Windows\system32\WS2_32.dll
0x000007fefd6f0000 - 0x000007fefd6f8000 	C:\Windows\system32\NSI.dll
0x000007fef4200000 - 0x000007fef423b000 	C:\Windows\system32\WINMM.dll
0x000007fefc000000 - 0x000007fefc00c000 	C:\Windows\system32\VERSION.dll
0x0000000077370000 - 0x0000000077377000 	C:\Windows\system32\PSAPI.DLL
0x000007fefbae0000 - 0x000007fefbaef000 	C:\Program Files\Android\Android Studio\jre\jre\bin\verify.dll
0x000007fef3930000 - 0x000007fef3959000 	C:\Program Files\Android\Android Studio\jre\jre\bin\java.dll
0x000007fefbac0000 - 0x000007fefbad6000 	C:\Program Files\Android\Android Studio\jre\jre\bin\zip.dll
0x000007fefe400000 - 0x000007feff189000 	C:\Windows\system32\SHELL32.dll
0x000007fefd4e0000 - 0x000007fefd6e3000 	C:\Windows\system32\ole32.dll
0x000007fefcf60000 - 0x000007fefcf6f000 	C:\Windows\system32\profapi.dll
0x000007feef5a0000 - 0x000007feef5ba000 	C:\Program Files\Android\Android Studio\jre\jre\bin\net.dll
0x000007fefc700000 - 0x000007fefc755000 	C:\Windows\system32\mswsock.dll
0x000007fefc6f0000 - 0x000007fefc6f7000 	C:\Windows\System32\wship6.dll
0x000007feef580000 - 0x000007feef591000 	C:\Program Files\Android\Android Studio\jre\jre\bin\nio.dll
0x000007fecbea0000 - 0x000007fecbec6000 	C:\Users\Blue\.gradle\native\29\windows-amd64\native-platform.dll
0x000007fef7870000 - 0x000007fef7873000 	C:\Windows\system32\api-ms-win-core-synch-l1-2-0.DLL
0x000007feef530000 - 0x000007feef53d000 	C:\Program Files\Android\Android Studio\jre\jre\bin\management.dll
0x000007fefc760000 - 0x000007fefc777000 	C:\Windows\system32\CRYPTSP.dll
0x000007fefc460000 - 0x000007fefc4a7000 	C:\Windows\system32\rsaenh.dll
0x000007fefd100000 - 0x000007fefd11e000 	C:\Windows\system32\USERENV.dll
0x000007fefce00000 - 0x000007fefce0f000 	C:\Windows\system32\CRYPTBASE.dll
0x000007fefa690000 - 0x000007fefa6b7000 	C:\Windows\system32\IPHLPAPI.DLL
0x000007fefa680000 - 0x000007fefa68b000 	C:\Windows\system32\WINNSI.DLL
0x000007fefa490000 - 0x000007fefa4a8000 	C:\Windows\system32\dhcpcsvc.DLL
0x000007fefa470000 - 0x000007fefa481000 	C:\Windows\system32\dhcpcsvc6.DLL

VM Arguments:
jvm_args: -Xmx1536m -Dfile.encoding=x-windows-950 -Duser.country=TW -Duser.language=zh -Duser.variant 
java_command: org.gradle.launcher.daemon.bootstrap.GradleDaemon 5.4.1
java_class_path (initial): C:\Users\Blue\.gradle\wrapper\dists\gradle-5.4.1-all\3221gyojl5jsh0helicew7rwx\gradle-5.4.1\lib\gradle-launcher-5.4.1.jar
Launcher Type: SUN_STANDARD

Environment Variables:
CLASSPATH=.
PATH=C:\Program Files (x86)\Common Files\Oracle\Java\javapath;C:\Program Files\Common Files\Microsoft Shared\Windows Live;C:\Program Files (x86)\Intel\iCLS Client\;C:\Program Files\Intel\iCLS Client\;C:\Windows\system32;C:\Windows;C:\Windows\System32\Wbem;C:\Windows\System32\WindowsPowerShell\v1.0\;C:\Program Files (x86)\Intel\Intel(R) Management Engine Components\DAL;C:\Program Files\Intel\Intel(R) Management Engine Components\DAL;C:\Program Files (x86)\Intel\Intel(R) Management Engine Components\IPT;C:\Program Files\Intel\Intel(R) Management Engine Components\IPT;C:\Program Files (x86)\AMD\ATI.ACE\Core-Static;C:\Program Files (x86)\CineForm\Tools;C:\Program Files (x86)\GoPro\Tools;C:\Program Files (x86)\QuickTime\QTSystem\;C:\java_1.6.1_01\bin;C:\Program Files\Common Files\Microsoft Shared\Windows Live;C:\Users\Blue\AppData\Local\GitHubDesktop\bin;C:\Users\Blue\.android;C:\Users\Blue\.android\avd
USERNAME=Blue
OS=Windows_NT
PROCESSOR_IDENTIFIER=Intel64 Family 6 Model 94 Stepping 3, GenuineIntel



---------------  S Y S T E M  ---------------

OS: Windows 7 , 64 bit Build 7601 (6.1.7601.19160)

CPU:total 4 (initial active 4) (4 cores per cpu, 1 threads per core) family 6 model 94 stepping 3, cmov, cx8, fxsr, mmx, sse, sse2, sse3, ssse3, sse4.1, sse4.2, popcnt, avx, avx2, aes, clmul, erms, rtm, 3dnowpref, lzcnt, tsc, tscinvbit, bmi1, bmi2, adx

Memory: 4k page, physical 8350828k(269768k free), swap 20343524k(6484k free)

vm_info: OpenJDK 64-Bit Server VM (25.202-b03) for windows-amd64 JRE (1.8.0_202-release-1483-b03), built by "builder" with MS VC++ 10.0 (VS2010)

time: Fri Feb 14 13:47:52 2020
timezone: 台北標準時間
elapsed time: 7 seconds (0d 0h 0m 7s)

